<?xml version="1.0" encoding="UTF-8"?>
<testsuite name="com.bridgelabz.EmployeePayrollServiceTest" tests="1" skipped="0" failures="0" errors="0" timestamp="2021-08-21T08:02:55" hostname="LAPTOP-EJ5FUF38" time="0.248">
  <properties/>
  <testcase name="givenEmployeePayrollInDB_WhenRetrieved_ShouldMatchEmployeeCount" classname="com.bridgelabz.EmployeePayrollServiceTest" time="0.248"/>
  <system-out><![CDATA[Connecting to database: jdbc:mysql://localhost:3307/payroll_service?useSSL=false
Connection is successful! com.mysql.cj.jdbc.ConnectionImpl@ecd59ab
]]></system-out>
  <system-err><![CDATA[]]></system-err>
</testsuite>
